2021-02-09 20:50:25,018 INFO raft peers changed: [Member{ip='6b6d05e52224', port=8848, state=UP, extendInfo={raftPort=7848}}]

2021-02-09 20:50:25,045 INFO initializing Raft sub-system

2021-02-09 20:50:25,045 INFO finish loading all datums, size: 0 cost 0 ms.

2021-02-09 20:50:25,047 INFO cache loaded, datum count: 0, current term: 0

2021-02-09 20:50:25,047 INFO finish to load data from disk, cost: 2 ms.

2021-02-09 20:50:25,050 INFO timer started: leader timeout ms: 15000, heart-beat timeout ms: 5000

2021-02-09 20:50:25,117 INFO leader timeout, start voting,leader: {"ip":"6b6d05e52224:8848","term":0,"leaderDueMs":16181,"heartbeatDueMs":4500,"state":"FOLLOWER"}, term: 0

2021-02-09 20:50:25,630 INFO add listener: com.alibaba.nacos.naming.domains.meta.00-00---000-NACOS_SWITCH_DOMAIN-000---00-00

2021-02-09 20:50:25,658 INFO add listener: com.alibaba.nacos.naming.domains.meta.

2021-02-09 20:50:30,004 WARN start to close old raft protocol!!!

2021-02-09 20:50:30,004 WARN stop old raft protocol task for notifier

2021-02-09 20:50:30,004 WARN stop old raft protocol task for master task

2021-02-09 20:50:30,004 WARN stop old raft protocol task for heartbeat task

2021-02-09 20:50:30,004 WARN clean old cache datum for old raft

2021-02-09 20:50:30,004 WARN start to close old raft protocol!!!

2021-02-09 20:50:30,004 WARN stop old raft protocol task for notifier

2021-02-09 20:50:30,004 WARN stop old raft protocol task for master task

2021-02-09 20:50:30,004 WARN stop old raft protocol task for heartbeat task

2021-02-09 20:50:30,004 WARN clean old cache datum for old raft

2021-02-09 20:50:30,004 WARN start to move old raft protocol metadata

2021-02-09 20:50:30,006 WARN start to move old raft protocol metadata

2021-02-09 20:50:30,007 INFO raft peers changed: [Member{ip='6b6d05e52224', port=8848, state=UP, extendInfo={lastRefreshTime=1612875030006, raftPort=7848, version=1.4.1}}]

