
         ,--.
       ,--.'|
   ,--,:  : |                                           Nacos 1.4.1
,`--.'`|  ' :                       ,---.               Running in stand alone mode, All function modules
|   :  :  | |                      '   ,'\   .--.--.    Port: 8848
:   |   \ | :  ,--.--.     ,---.  /   /   | /  /    '   Pid: 23
|   : '  '; | /       \   /     \.   ; ,. :|  :  /`./   Console: http://6b6d05e52224:8848/nacos/index.html
'   ' ;.    ;.--.  .-. | /    / ''   | |: :|  :  ;_
|   | | \   | \__\/: . ..    ' / '   | .; : \  \    `.      https://nacos.io
'   : |  ; .' ," .--.; |'   ; :__|   :    |  `----.   \
|   | '`--'  /  /  ,.  |'   | '.'|\   \  /  /  /`--'  /
'   : |     ;  :   .'   \   :    : `----'  '--'.     /
;   |.'     |  ,     .-./\   \  /            `--'---'
'---'        `--`---'     `----'

2021-02-09 20:50:21,474 INFO Bean 'org.springframework.security.access.expression.method.DefaultMethodSecurityExpressionHandler@6676f6a0' of type [org.springframework.security.access.expression.method.DefaultMethodSecurityExpressionHandler] is not eligible for getting processed by all BeanPostProcessors (for example: not eligible for auto-proxying)

2021-02-09 20:50:21,484 INFO Bean 'methodSecurityMetadataSource' of type [org.springframework.security.access.method.DelegatingMethodSecurityMetadataSource] is not eligible for getting processed by all BeanPostProcessors (for example: not eligible for auto-proxying)

2021-02-09 20:50:21,831 INFO Tomcat initialized with port(s): 8848 (http)

2021-02-09 20:50:22,165 INFO Root WebApplicationContext: initialization completed in 3430 ms

2021-02-09 20:50:26,371 INFO Initializing ExecutorService 'applicationTaskExecutor'

2021-02-09 20:50:26,478 INFO Adding welcome page: class path resource [static/index.html]

2021-02-09 20:50:26,824 INFO Creating filter chain: Ant [pattern='/**'], []

2021-02-09 20:50:26,856 INFO Creating filter chain: any request, [org.springframework.security.web.context.request.async.WebAsyncManagerIntegrationFilter@4fbdc0f0, org.springframework.security.web.context.SecurityContextPersistenceFilter@35038141, org.springframework.security.web.header.HeaderWriterFilter@2ca65ce4, org.springframework.security.web.csrf.CsrfFilter@525d79f0, org.springframework.security.web.authentication.logout.LogoutFilter@41200e0c, org.springframework.security.web.savedrequest.RequestCacheAwareFilter@672f11c2, org.springframework.security.web.servletapi.SecurityContextHolderAwareRequestFilter@72efb5c1, org.springframework.security.web.authentication.AnonymousAuthenticationFilter@2ad3a1bb, org.springframework.security.web.session.SessionManagementFilter@5707c1cb, org.springframework.security.web.access.ExceptionTranslationFilter@7072bc39]

2021-02-09 20:50:26,935 INFO Initializing ExecutorService 'taskScheduler'

2021-02-09 20:50:26,955 INFO Exposing 16 endpoint(s) beneath base path '/actuator'

2021-02-09 20:50:27,051 INFO Tomcat started on port(s): 8848 (http) with context path '/nacos'

2021-02-09 20:50:27,057 INFO Nacos started successfully in stand alone mode. use embedded storage

2021-02-09 20:51:23,385 INFO Initializing Servlet 'dispatcherServlet'

2021-02-09 20:51:23,404 INFO Completed initialization in 17 ms

